[2024-03-26 22:42:13] Xatolik: PDOException: SQLSTATE[22007]: Invalid datetime format: 7 ERROR:  invalid input syntax for type timestamp: ""
CONTEXT:  unnamed portal parameter $10 = '' in E:\2023\Laravel\ems\vendor\laravel\framework\src\Illuminate\Database\Connection.php:428
Stack trace:
#0 E:\2023\Laravel\ems\vendor\laravel\framework\src\Illuminate\Database\Connection.php(428): PDOStatement->execute()
#1 E:\2023\Laravel\ems\vendor\laravel\framework\src\Illuminate\Database\Connection.php(816): Illuminate\Database\Connection->Illuminate\Database\{closure}()
#2 E:\2023\Laravel\ems\vendor\laravel\framework\src\Illuminate\Database\Connection.php(783): Illuminate\Database\Connection->runQueryCallback()
#3 E:\2023\Laravel\ems\vendor\laravel\framework\src\Illuminate\Database\Connection.php(431): Illuminate\Database\Connection->run()
#4 E:\2023\Laravel\ems\vendor\laravel\framework\src\Illuminate\Database\Connection.php(401): Illuminate\Database\Connection->select()
#5 E:\2023\Laravel\ems\vendor\laravel\framework\src\Illuminate\Database\Query\Processors\PostgresProcessor.php(24): Illuminate\Database\Connection->selectFromWriteConnection()
#6 E:\2023\Laravel\ems\vendor\laravel\framework\src\Illuminate\Database\Query\Builder.php(3507): Illuminate\Database\Query\Processors\PostgresProcessor->processInsertGetId()
#7 E:\2023\Laravel\ems\vendor\laravel\framework\src\Illuminate\Database\Eloquent\Builder.php(1969): Illuminate\Database\Query\Builder->insertGetId()
#8 E:\2023\Laravel\ems\vendor\laravel\framework\src\Illuminate\Database\Eloquent\Model.php(1333): Illuminate\Database\Eloquent\Builder->__call()
#9 E:\2023\Laravel\ems\vendor\laravel\framework\src\Illuminate\Database\Eloquent\Model.php(1298): Illuminate\Database\Eloquent\Model->insertAndSetId()
#10 E:\2023\Laravel\ems\vendor\laravel\framework\src\Illuminate\Database\Eloquent\Model.php(1137): Illuminate\Database\Eloquent\Model->performInsert()
#11 E:\2023\Laravel\ems\vendor\laravel\framework\src\Illuminate\Database\Eloquent\Builder.php(1024): Illuminate\Database\Eloquent\Model->save()
#12 E:\2023\Laravel\ems\vendor\laravel\framework\src\Illuminate\Support\helpers.php(307): Illuminate\Database\Eloquent\Builder->Illuminate\Database\Eloquent\{closure}()
#13 E:\2023\Laravel\ems\vendor\laravel\framework\src\Illuminate\Database\Eloquent\Builder.php(1025): tap()
#14 E:\2023\Laravel\ems\vendor\laravel\framework\src\Illuminate\Support\Traits\ForwardsCalls.php(23): Illuminate\Database\Eloquent\Builder->create()
#15 E:\2023\Laravel\ems\vendor\laravel\framework\src\Illuminate\Database\Eloquent\Model.php(2334): Illuminate\Database\Eloquent\Model->forwardCallTo()
#16 E:\2023\Laravel\ems\vendor\laravel\framework\src\Illuminate\Database\Eloquent\Model.php(2346): Illuminate\Database\Eloquent\Model->__call()
#17 E:\2023\Laravel\ems\app\Imports\OdsAmbulanceIndicatorsImport.php(83): Illuminate\Database\Eloquent\Model::__callStatic()
#18 E:\2023\Laravel\ems\vendor\maatwebsite\excel\src\Sheet.php(268): App\Imports\OdsAmbulanceIndicatorsImport->collection()
#19 E:\2023\Laravel\ems\vendor\maatwebsite\excel\src\Jobs\ReadChunk.php(213): Maatwebsite\Excel\Sheet->import()
#20 E:\2023\Laravel\ems\vendor\laravel\framework\src\Illuminate\Database\Concerns\ManagesTransactions.php(30): Maatwebsite\Excel\Jobs\ReadChunk->Maatwebsite\Excel\Jobs\{closure}()
#21 E:\2023\Laravel\ems\vendor\maatwebsite\excel\src\Transactions\DbTransactionHandler.php(30): Illuminate\Database\Connection->transaction()
#22 E:\2023\Laravel\ems\vendor\maatwebsite\excel\src\Jobs\ReadChunk.php(221): Maatwebsite\Excel\Transactions\DbTransactionHandler->__invoke()
#23 E:\2023\Laravel\ems\vendor\laravel\framework\src\Illuminate\Container\BoundMethod.php(36): Maatwebsite\Excel\Jobs\ReadChunk->handle()
#24 E:\2023\Laravel\ems\vendor\laravel\framework\src\Illuminate\Container\Util.php(41): Illuminate\Container\BoundMethod::Illuminate\Container\{closure}()
#25 E:\2023\Laravel\ems\vendor\laravel\framework\src\Illuminate\Container\BoundMethod.php(93): Illuminate\Container\Util::unwrapIfClosure()
#26 E:\2023\Laravel\ems\vendor\laravel\framework\src\Illuminate\Container\BoundMethod.php(37): Illuminate\Container\BoundMethod::callBoundMethod()
#27 E:\2023\Laravel\ems\vendor\laravel\framework\src\Illuminate\Container\Container.php(662): Illuminate\Container\BoundMethod::call()
#28 E:\2023\Laravel\ems\vendor\maatwebsite\excel\src\ChunkReader.php(144): Illuminate\Container\Container->call()
#29 E:\2023\Laravel\ems\vendor\maatwebsite\excel\src\ChunkReader.php(107): Maatwebsite\Excel\ChunkReader->dispatchNow()
#30 E:\2023\Laravel\ems\vendor\laravel\framework\src\Illuminate\Collections\Traits\EnumeratesValues.php(240): Maatwebsite\Excel\ChunkReader->Maatwebsite\Excel\{closure}()
#31 E:\2023\Laravel\ems\vendor\maatwebsite\excel\src\ChunkReader.php(114): Illuminate\Support\Collection->each()
#32 E:\2023\Laravel\ems\vendor\maatwebsite\excel\src\Reader.php(105): Maatwebsite\Excel\ChunkReader->read()
#33 E:\2023\Laravel\ems\vendor\maatwebsite\excel\src\Excel.php(154): Maatwebsite\Excel\Reader->read()
#34 E:\2023\Laravel\ems\vendor\laravel\framework\src\Illuminate\Support\Facades\Facade.php(355): Maatwebsite\Excel\Excel->import()
#35 E:\2023\Laravel\ems\app\Jobs\ImportExcelJob.php(39): Illuminate\Support\Facades\Facade::__callStatic()
#36 E:\2023\Laravel\ems\vendor\laravel\framework\src\Illuminate\Container\BoundMethod.php(36): App\Jobs\ImportExcelJob->handle()
#37 E:\2023\Laravel\ems\vendor\laravel\framework\src\Illuminate\Container\Util.php(41): Illuminate\Container\BoundMethod::Illuminate\Container\{closure}()
#38 E:\2023\Laravel\ems\vendor\laravel\framework\src\Illuminate\Container\BoundMethod.php(93): Illuminate\Container\Util::unwrapIfClosure()
#39 E:\2023\Laravel\ems\vendor\laravel\framework\src\Illuminate\Container\BoundMethod.php(37): Illuminate\Container\BoundMethod::callBoundMethod()
#40 E:\2023\Laravel\ems\vendor\laravel\framework\src\Illuminate\Container\Container.php(662): Illuminate\Container\BoundMethod::call()
#41 E:\2023\Laravel\ems\vendor\laravel\framework\src\Illuminate\Bus\Dispatcher.php(128): Illuminate\Container\Container->call()
#42 E:\2023\Laravel\ems\vendor\laravel\framework\src\Illuminate\Pipeline\Pipeline.php(144): Illuminate\Bus\Dispatcher->Illuminate\Bus\{closure}()
#43 E:\2023\Laravel\ems\vendor\laravel\framework\src\Illuminate\Pipeline\Pipeline.php(119): Illuminate\Pipeline\Pipeline->Illuminate\Pipeline\{closure}()
#44 E:\2023\Laravel\ems\vendor\laravel\framework\src\Illuminate\Bus\Dispatcher.php(132): Illuminate\Pipeline\Pipeline->then()
#45 E:\2023\Laravel\ems\vendor\laravel\framework\src\Illuminate\Queue\CallQueuedHandler.php(124): Illuminate\Bus\Dispatcher->dispatchNow()
#46 E:\2023\Laravel\ems\vendor\laravel\framework\src\Illuminate\Pipeline\Pipeline.php(144): Illuminate\Queue\CallQueuedHandler->Illuminate\Queue\{closure}()
#47 E:\2023\Laravel\ems\vendor\laravel\framework\src\Illuminate\Pipeline\Pipeline.php(119): Illuminate\Pipeline\Pipeline->Illuminate\Pipeline\{closure}()
#48 E:\2023\Laravel\ems\vendor\laravel\framework\src\Illuminate\Queue\CallQueuedHandler.php(126): Illuminate\Pipeline\Pipeline->then()
#49 E:\2023\Laravel\ems\vendor\laravel\framework\src\Illuminate\Queue\CallQueuedHandler.php(70): Illuminate\Queue\CallQueuedHandler->dispatchThroughMiddleware()
#50 E:\2023\Laravel\ems\vendor\laravel\framework\src\Illuminate\Queue\Jobs\Job.php(102): Illuminate\Queue\CallQueuedHandler->call()
#51 E:\2023\Laravel\ems\vendor\laravel\framework\src\Illuminate\Queue\Worker.php(439): Illuminate\Queue\Jobs\Job->fire()
#52 E:\2023\Laravel\ems\vendor\laravel\framework\src\Illuminate\Queue\Worker.php(389): Illuminate\Queue\Worker->process()
#53 E:\2023\Laravel\ems\vendor\laravel\framework\src\Illuminate\Queue\Worker.php(176): Illuminate\Queue\Worker->runJob()
#54 E:\2023\Laravel\ems\vendor\laravel\framework\src\Illuminate\Queue\Console\WorkCommand.php(138): Illuminate\Queue\Worker->daemon()
#55 E:\2023\Laravel\ems\vendor\laravel\framework\src\Illuminate\Queue\Console\WorkCommand.php(121): Illuminate\Queue\Console\WorkCommand->runWorker()
#56 E:\2023\Laravel\ems\vendor\laravel\framework\src\Illuminate\Container\BoundMethod.php(36): Illuminate\Queue\Console\WorkCommand->handle()
#57 E:\2023\Laravel\ems\vendor\laravel\framework\src\Illuminate\Container\Util.php(41): Illuminate\Container\BoundMethod::Illuminate\Container\{closure}()
#58 E:\2023\Laravel\ems\vendor\laravel\framework\src\Illuminate\Container\BoundMethod.php(93): Illuminate\Container\Util::unwrapIfClosure()
#59 E:\2023\Laravel\ems\vendor\laravel\framework\src\Illuminate\Container\BoundMethod.php(37): Illuminate\Container\BoundMethod::callBoundMethod()
#60 E:\2023\Laravel\ems\vendor\laravel\framework\src\Illuminate\Container\Container.php(662): Illuminate\Container\BoundMethod::call()
#61 E:\2023\Laravel\ems\vendor\laravel\framework\src\Illuminate\Console\Command.php(211): Illuminate\Container\Container->call()
#62 E:\2023\Laravel\ems\vendor\symfony\console\Command\Command.php(326): Illuminate\Console\Command->execute()
#63 E:\2023\Laravel\ems\vendor\laravel\framework\src\Illuminate\Console\Command.php(181): Symfony\Component\Console\Command\Command->run()
#64 E:\2023\Laravel\ems\vendor\symfony\console\Application.php(1096): Illuminate\Console\Command->run()
#65 E:\2023\Laravel\ems\vendor\symfony\console\Application.php(324): Symfony\Component\Console\Application->doRunCommand()
#66 E:\2023\Laravel\ems\vendor\symfony\console\Application.php(175): Symfony\Component\Console\Application->doRun()
#67 E:\2023\Laravel\ems\vendor\laravel\framework\src\Illuminate\Foundation\Console\Kernel.php(201): Symfony\Component\Console\Application->run()
#68 E:\2023\Laravel\ems\artisan(37): Illuminate\Foundation\Console\Kernel->handle()
#69 {main}

Next Illuminate\Database\QueryException: SQLSTATE[22007]: Invalid datetime format: 7 ERROR:  invalid input syntax for type timestamp: ""
CONTEXT:  unnamed portal parameter $10 = '' (Connection: pgsql, SQL: insert into "ods_ambulance_indicators" ("call_region_coato", "substation_id", "filling_call_card", "call_type_id", "card_number", "call_received", "call_reception", "transfer_brigade", "brigade_departure", "arrival_brigade_place", "transportation_start", "arrival_medical_center", "call_end", "return_substation", "brigade_id", "address", "reason_id", "gender", "age", "diagnos", "call_result_id", "hospital_id", "hospitalization_result_id", "call_place_id", "brigade_call_time", "travel_time", "diagnosis_id", "excel_id", "updated_at", "created_at") values (1703, 129, нет, 856, 624123, 2023-11-30, 2023-11-30 18:52:56, 2023-11-30 18:54:30, 2023-11-30 18:55:11, , ?, ?, 2023-11-30 19:19:52.77, ?, 356, , 861, Э/М, 50 л, , 858, ?, ?, 859, ?, 00:00:41, 860, 193, 2024-03-26 22:42:13, 2024-03-26 22:42:13) returning "id") in E:\2023\Laravel\ems\vendor\laravel\framework\src\Illuminate\Database\Connection.php:829
Stack trace:
#0 E:\2023\Laravel\ems\vendor\laravel\framework\src\Illuminate\Database\Connection.php(783): Illuminate\Database\Connection->runQueryCallback()
#1 E:\2023\Laravel\ems\vendor\laravel\framework\src\Illuminate\Database\Connection.php(431): Illuminate\Database\Connection->run()
#2 E:\2023\Laravel\ems\vendor\laravel\framework\src\Illuminate\Database\Connection.php(401): Illuminate\Database\Connection->select()
#3 E:\2023\Laravel\ems\vendor\laravel\framework\src\Illuminate\Database\Query\Processors\PostgresProcessor.php(24): Illuminate\Database\Connection->selectFromWriteConnection()
#4 E:\2023\Laravel\ems\vendor\laravel\framework\src\Illuminate\Database\Query\Builder.php(3507): Illuminate\Database\Query\Processors\PostgresProcessor->processInsertGetId()
#5 E:\2023\Laravel\ems\vendor\laravel\framework\src\Illuminate\Database\Eloquent\Builder.php(1969): Illuminate\Database\Query\Builder->insertGetId()
#6 E:\2023\Laravel\ems\vendor\laravel\framework\src\Illuminate\Database\Eloquent\Model.php(1333): Illuminate\Database\Eloquent\Builder->__call()
#7 E:\2023\Laravel\ems\vendor\laravel\framework\src\Illuminate\Database\Eloquent\Model.php(1298): Illuminate\Database\Eloquent\Model->insertAndSetId()
#8 E:\2023\Laravel\ems\vendor\laravel\framework\src\Illuminate\Database\Eloquent\Model.php(1137): Illuminate\Database\Eloquent\Model->performInsert()
#9 E:\2023\Laravel\ems\vendor\laravel\framework\src\Illuminate\Database\Eloquent\Builder.php(1024): Illuminate\Database\Eloquent\Model->save()
#10 E:\2023\Laravel\ems\vendor\laravel\framework\src\Illuminate\Support\helpers.php(307): Illuminate\Database\Eloquent\Builder->Illuminate\Database\Eloquent\{closure}()
#11 E:\2023\Laravel\ems\vendor\laravel\framework\src\Illuminate\Database\Eloquent\Builder.php(1025): tap()
#12 E:\2023\Laravel\ems\vendor\laravel\framework\src\Illuminate\Support\Traits\ForwardsCalls.php(23): Illuminate\Database\Eloquent\Builder->create()
#13 E:\2023\Laravel\ems\vendor\laravel\framework\src\Illuminate\Database\Eloquent\Model.php(2334): Illuminate\Database\Eloquent\Model->forwardCallTo()
#14 E:\2023\Laravel\ems\vendor\laravel\framework\src\Illuminate\Database\Eloquent\Model.php(2346): Illuminate\Database\Eloquent\Model->__call()
#15 E:\2023\Laravel\ems\app\Imports\OdsAmbulanceIndicatorsImport.php(83): Illuminate\Database\Eloquent\Model::__callStatic()
#16 E:\2023\Laravel\ems\vendor\maatwebsite\excel\src\Sheet.php(268): App\Imports\OdsAmbulanceIndicatorsImport->collection()
#17 E:\2023\Laravel\ems\vendor\maatwebsite\excel\src\Jobs\ReadChunk.php(213): Maatwebsite\Excel\Sheet->import()
#18 E:\2023\Laravel\ems\vendor\laravel\framework\src\Illuminate\Database\Concerns\ManagesTransactions.php(30): Maatwebsite\Excel\Jobs\ReadChunk->Maatwebsite\Excel\Jobs\{closure}()
#19 E:\2023\Laravel\ems\vendor\maatwebsite\excel\src\Transactions\DbTransactionHandler.php(30): Illuminate\Database\Connection->transaction()
#20 E:\2023\Laravel\ems\vendor\maatwebsite\excel\src\Jobs\ReadChunk.php(221): Maatwebsite\Excel\Transactions\DbTransactionHandler->__invoke()
#21 E:\2023\Laravel\ems\vendor\laravel\framework\src\Illuminate\Container\BoundMethod.php(36): Maatwebsite\Excel\Jobs\ReadChunk->handle()
#22 E:\2023\Laravel\ems\vendor\laravel\framework\src\Illuminate\Container\Util.php(41): Illuminate\Container\BoundMethod::Illuminate\Container\{closure}()
#23 E:\2023\Laravel\ems\vendor\laravel\framework\src\Illuminate\Container\BoundMethod.php(93): Illuminate\Container\Util::unwrapIfClosure()
#24 E:\2023\Laravel\ems\vendor\laravel\framework\src\Illuminate\Container\BoundMethod.php(37): Illuminate\Container\BoundMethod::callBoundMethod()
#25 E:\2023\Laravel\ems\vendor\laravel\framework\src\Illuminate\Container\Container.php(662): Illuminate\Container\BoundMethod::call()
#26 E:\2023\Laravel\ems\vendor\maatwebsite\excel\src\ChunkReader.php(144): Illuminate\Container\Container->call()
#27 E:\2023\Laravel\ems\vendor\maatwebsite\excel\src\ChunkReader.php(107): Maatwebsite\Excel\ChunkReader->dispatchNow()
#28 E:\2023\Laravel\ems\vendor\laravel\framework\src\Illuminate\Collections\Traits\EnumeratesValues.php(240): Maatwebsite\Excel\ChunkReader->Maatwebsite\Excel\{closure}()
#29 E:\2023\Laravel\ems\vendor\maatwebsite\excel\src\ChunkReader.php(114): Illuminate\Support\Collection->each()
#30 E:\2023\Laravel\ems\vendor\maatwebsite\excel\src\Reader.php(105): Maatwebsite\Excel\ChunkReader->read()
#31 E:\2023\Laravel\ems\vendor\maatwebsite\excel\src\Excel.php(154): Maatwebsite\Excel\Reader->read()
#32 E:\2023\Laravel\ems\vendor\laravel\framework\src\Illuminate\Support\Facades\Facade.php(355): Maatwebsite\Excel\Excel->import()
#33 E:\2023\Laravel\ems\app\Jobs\ImportExcelJob.php(39): Illuminate\Support\Facades\Facade::__callStatic()
#34 E:\2023\Laravel\ems\vendor\laravel\framework\src\Illuminate\Container\BoundMethod.php(36): App\Jobs\ImportExcelJob->handle()
#35 E:\2023\Laravel\ems\vendor\laravel\framework\src\Illuminate\Container\Util.php(41): Illuminate\Container\BoundMethod::Illuminate\Container\{closure}()
#36 E:\2023\Laravel\ems\vendor\laravel\framework\src\Illuminate\Container\BoundMethod.php(93): Illuminate\Container\Util::unwrapIfClosure()
#37 E:\2023\Laravel\ems\vendor\laravel\framework\src\Illuminate\Container\BoundMethod.php(37): Illuminate\Container\BoundMethod::callBoundMethod()
#38 E:\2023\Laravel\ems\vendor\laravel\framework\src\Illuminate\Container\Container.php(662): Illuminate\Container\BoundMethod::call()
#39 E:\2023\Laravel\ems\vendor\laravel\framework\src\Illuminate\Bus\Dispatcher.php(128): Illuminate\Container\Container->call()
#40 E:\2023\Laravel\ems\vendor\laravel\framework\src\Illuminate\Pipeline\Pipeline.php(144): Illuminate\Bus\Dispatcher->Illuminate\Bus\{closure}()
#41 E:\2023\Laravel\ems\vendor\laravel\framework\src\Illuminate\Pipeline\Pipeline.php(119): Illuminate\Pipeline\Pipeline->Illuminate\Pipeline\{closure}()
#42 E:\2023\Laravel\ems\vendor\laravel\framework\src\Illuminate\Bus\Dispatcher.php(132): Illuminate\Pipeline\Pipeline->then()
#43 E:\2023\Laravel\ems\vendor\laravel\framework\src\Illuminate\Queue\CallQueuedHandler.php(124): Illuminate\Bus\Dispatcher->dispatchNow()
#44 E:\2023\Laravel\ems\vendor\laravel\framework\src\Illuminate\Pipeline\Pipeline.php(144): Illuminate\Queue\CallQueuedHandler->Illuminate\Queue\{closure}()
#45 E:\2023\Laravel\ems\vendor\laravel\framework\src\Illuminate\Pipeline\Pipeline.php(119): Illuminate\Pipeline\Pipeline->Illuminate\Pipeline\{closure}()
#46 E:\2023\Laravel\ems\vendor\laravel\framework\src\Illuminate\Queue\CallQueuedHandler.php(126): Illuminate\Pipeline\Pipeline->then()
#47 E:\2023\Laravel\ems\vendor\laravel\framework\src\Illuminate\Queue\CallQueuedHandler.php(70): Illuminate\Queue\CallQueuedHandler->dispatchThroughMiddleware()
#48 E:\2023\Laravel\ems\vendor\laravel\framework\src\Illuminate\Queue\Jobs\Job.php(102): Illuminate\Queue\CallQueuedHandler->call()
#49 E:\2023\Laravel\ems\vendor\laravel\framework\src\Illuminate\Queue\Worker.php(439): Illuminate\Queue\Jobs\Job->fire()
#50 E:\2023\Laravel\ems\vendor\laravel\framework\src\Illuminate\Queue\Worker.php(389): Illuminate\Queue\Worker->process()
#51 E:\2023\Laravel\ems\vendor\laravel\framework\src\Illuminate\Queue\Worker.php(176): Illuminate\Queue\Worker->runJob()
#52 E:\2023\Laravel\ems\vendor\laravel\framework\src\Illuminate\Queue\Console\WorkCommand.php(138): Illuminate\Queue\Worker->daemon()
#53 E:\2023\Laravel\ems\vendor\laravel\framework\src\Illuminate\Queue\Console\WorkCommand.php(121): Illuminate\Queue\Console\WorkCommand->runWorker()
#54 E:\2023\Laravel\ems\vendor\laravel\framework\src\Illuminate\Container\BoundMethod.php(36): Illuminate\Queue\Console\WorkCommand->handle()
#55 E:\2023\Laravel\ems\vendor\laravel\framework\src\Illuminate\Container\Util.php(41): Illuminate\Container\BoundMethod::Illuminate\Container\{closure}()
#56 E:\2023\Laravel\ems\vendor\laravel\framework\src\Illuminate\Container\BoundMethod.php(93): Illuminate\Container\Util::unwrapIfClosure()
#57 E:\2023\Laravel\ems\vendor\laravel\framework\src\Illuminate\Container\BoundMethod.php(37): Illuminate\Container\BoundMethod::callBoundMethod()
#58 E:\2023\Laravel\ems\vendor\laravel\framework\src\Illuminate\Container\Container.php(662): Illuminate\Container\BoundMethod::call()
#59 E:\2023\Laravel\ems\vendor\laravel\framework\src\Illuminate\Console\Command.php(211): Illuminate\Container\Container->call()
#60 E:\2023\Laravel\ems\vendor\symfony\console\Command\Command.php(326): Illuminate\Console\Command->execute()
#61 E:\2023\Laravel\ems\vendor\laravel\framework\src\Illuminate\Console\Command.php(181): Symfony\Component\Console\Command\Command->run()
#62 E:\2023\Laravel\ems\vendor\symfony\console\Application.php(1096): Illuminate\Console\Command->run()
#63 E:\2023\Laravel\ems\vendor\symfony\console\Application.php(324): Symfony\Component\Console\Application->doRunCommand()
#64 E:\2023\Laravel\ems\vendor\symfony\console\Application.php(175): Symfony\Component\Console\Application->doRun()
#65 E:\2023\Laravel\ems\vendor\laravel\framework\src\Illuminate\Foundation\Console\Kernel.php(201): Symfony\Component\Console\Application->run()
#66 E:\2023\Laravel\ems\artisan(37): Illuminate\Foundation\Console\Kernel->handle()
#67 {main}
[2024-03-26 22:54:17] Xatolik: Illuminate\Queue\MaxAttemptsExceededException: App\Jobs\ImportExcelJob has been attempted too many times. in E:\2023\Laravel\ems\vendor\laravel\framework\src\Illuminate\Queue\MaxAttemptsExceededException.php:24
Stack trace:
#0 E:\2023\Laravel\ems\vendor\laravel\framework\src\Illuminate\Queue\Worker.php(785): Illuminate\Queue\MaxAttemptsExceededException::forJob()
#1 E:\2023\Laravel\ems\vendor\laravel\framework\src\Illuminate\Queue\Worker.php(519): Illuminate\Queue\Worker->maxAttemptsExceededException()
#2 E:\2023\Laravel\ems\vendor\laravel\framework\src\Illuminate\Queue\Worker.php(429): Illuminate\Queue\Worker->markJobAsFailedIfAlreadyExceedsMaxAttempts()
#3 E:\2023\Laravel\ems\vendor\laravel\framework\src\Illuminate\Queue\Worker.php(389): Illuminate\Queue\Worker->process()
#4 E:\2023\Laravel\ems\vendor\laravel\framework\src\Illuminate\Queue\Worker.php(176): Illuminate\Queue\Worker->runJob()
#5 E:\2023\Laravel\ems\vendor\laravel\framework\src\Illuminate\Queue\Console\WorkCommand.php(138): Illuminate\Queue\Worker->daemon()
#6 E:\2023\Laravel\ems\vendor\laravel\framework\src\Illuminate\Queue\Console\WorkCommand.php(121): Illuminate\Queue\Console\WorkCommand->runWorker()
#7 E:\2023\Laravel\ems\vendor\laravel\framework\src\Illuminate\Container\BoundMethod.php(36): Illuminate\Queue\Console\WorkCommand->handle()
#8 E:\2023\Laravel\ems\vendor\laravel\framework\src\Illuminate\Container\Util.php(41): Illuminate\Container\BoundMethod::Illuminate\Container\{closure}()
#9 E:\2023\Laravel\ems\vendor\laravel\framework\src\Illuminate\Container\BoundMethod.php(93): Illuminate\Container\Util::unwrapIfClosure()
#10 E:\2023\Laravel\ems\vendor\laravel\framework\src\Illuminate\Container\BoundMethod.php(37): Illuminate\Container\BoundMethod::callBoundMethod()
#11 E:\2023\Laravel\ems\vendor\laravel\framework\src\Illuminate\Container\Container.php(662): Illuminate\Container\BoundMethod::call()
#12 E:\2023\Laravel\ems\vendor\laravel\framework\src\Illuminate\Console\Command.php(211): Illuminate\Container\Container->call()
#13 E:\2023\Laravel\ems\vendor\symfony\console\Command\Command.php(326): Illuminate\Console\Command->execute()
#14 E:\2023\Laravel\ems\vendor\laravel\framework\src\Illuminate\Console\Command.php(181): Symfony\Component\Console\Command\Command->run()
#15 E:\2023\Laravel\ems\vendor\symfony\console\Application.php(1096): Illuminate\Console\Command->run()
#16 E:\2023\Laravel\ems\vendor\symfony\console\Application.php(324): Symfony\Component\Console\Application->doRunCommand()
#17 E:\2023\Laravel\ems\vendor\symfony\console\Application.php(175): Symfony\Component\Console\Application->doRun()
#18 E:\2023\Laravel\ems\vendor\laravel\framework\src\Illuminate\Foundation\Console\Kernel.php(201): Symfony\Component\Console\Application->run()
#19 E:\2023\Laravel\ems\artisan(37): Illuminate\Foundation\Console\Kernel->handle()
#20 {main}
[2024-03-26 22:58:52] Xatolik: PDOException: SQLSTATE[23502]: Not null violation: 7 ERROR:  null value in column "age" of relation "ods_ambulance_indicators" violates not-null constraint
DETAIL:  Failing row contains (594212, 1703, null, 126, нет, 856, 530388, 2023-11-10 00:00:00, 2023-11-10 05:59:51, null, null, 2023-11-10 06:03:55, 2023-11-10 06:07:33, 2023-11-10 06:07:39, null, null, null, null, null, null, null, null, null, null, null, null, null, null, null, null, null, 2024-03-26 22:58:52, 2024-03-26 22:58:52, null, null, null, null, 195). in E:\2023\Laravel\ems\vendor\laravel\framework\src\Illuminate\Database\Connection.php:428
Stack trace:
#0 E:\2023\Laravel\ems\vendor\laravel\framework\src\Illuminate\Database\Connection.php(428): PDOStatement->execute()
#1 E:\2023\Laravel\ems\vendor\laravel\framework\src\Illuminate\Database\Connection.php(816): Illuminate\Database\Connection->Illuminate\Database\{closure}()
#2 E:\2023\Laravel\ems\vendor\laravel\framework\src\Illuminate\Database\Connection.php(783): Illuminate\Database\Connection->runQueryCallback()
#3 E:\2023\Laravel\ems\vendor\laravel\framework\src\Illuminate\Database\Connection.php(431): Illuminate\Database\Connection->run()
#4 E:\2023\Laravel\ems\vendor\laravel\framework\src\Illuminate\Database\Connection.php(401): Illuminate\Database\Connection->select()
#5 E:\2023\Laravel\ems\vendor\laravel\framework\src\Illuminate\Database\Query\Processors\PostgresProcessor.php(24): Illuminate\Database\Connection->selectFromWriteConnection()
#6 E:\2023\Laravel\ems\vendor\laravel\framework\src\Illuminate\Database\Query\Builder.php(3507): Illuminate\Database\Query\Processors\PostgresProcessor->processInsertGetId()
#7 E:\2023\Laravel\ems\vendor\laravel\framework\src\Illuminate\Database\Eloquent\Builder.php(1969): Illuminate\Database\Query\Builder->insertGetId()
#8 E:\2023\Laravel\ems\vendor\laravel\framework\src\Illuminate\Database\Eloquent\Model.php(1333): Illuminate\Database\Eloquent\Builder->__call()
#9 E:\2023\Laravel\ems\vendor\laravel\framework\src\Illuminate\Database\Eloquent\Model.php(1298): Illuminate\Database\Eloquent\Model->insertAndSetId()
#10 E:\2023\Laravel\ems\vendor\laravel\framework\src\Illuminate\Database\Eloquent\Model.php(1137): Illuminate\Database\Eloquent\Model->performInsert()
#11 E:\2023\Laravel\ems\vendor\laravel\framework\src\Illuminate\Database\Eloquent\Builder.php(1024): Illuminate\Database\Eloquent\Model->save()
#12 E:\2023\Laravel\ems\vendor\laravel\framework\src\Illuminate\Support\helpers.php(307): Illuminate\Database\Eloquent\Builder->Illuminate\Database\Eloquent\{closure}()
#13 E:\2023\Laravel\ems\vendor\laravel\framework\src\Illuminate\Database\Eloquent\Builder.php(1025): tap()
#14 E:\2023\Laravel\ems\vendor\laravel\framework\src\Illuminate\Support\Traits\ForwardsCalls.php(23): Illuminate\Database\Eloquent\Builder->create()
#15 E:\2023\Laravel\ems\vendor\laravel\framework\src\Illuminate\Database\Eloquent\Model.php(2334): Illuminate\Database\Eloquent\Model->forwardCallTo()
#16 E:\2023\Laravel\ems\vendor\laravel\framework\src\Illuminate\Database\Eloquent\Model.php(2346): Illuminate\Database\Eloquent\Model->__call()
#17 E:\2023\Laravel\ems\app\Imports\OdsAmbulanceIndicatorsImport.php(83): Illuminate\Database\Eloquent\Model::__callStatic()
#18 E:\2023\Laravel\ems\vendor\maatwebsite\excel\src\Sheet.php(268): App\Imports\OdsAmbulanceIndicatorsImport->collection()
#19 E:\2023\Laravel\ems\vendor\maatwebsite\excel\src\Jobs\ReadChunk.php(213): Maatwebsite\Excel\Sheet->import()
#20 E:\2023\Laravel\ems\vendor\laravel\framework\src\Illuminate\Database\Concerns\ManagesTransactions.php(30): Maatwebsite\Excel\Jobs\ReadChunk->Maatwebsite\Excel\Jobs\{closure}()
#21 E:\2023\Laravel\ems\vendor\maatwebsite\excel\src\Transactions\DbTransactionHandler.php(30): Illuminate\Database\Connection->transaction()
#22 E:\2023\Laravel\ems\vendor\maatwebsite\excel\src\Jobs\ReadChunk.php(221): Maatwebsite\Excel\Transactions\DbTransactionHandler->__invoke()
#23 E:\2023\Laravel\ems\vendor\laravel\framework\src\Illuminate\Container\BoundMethod.php(36): Maatwebsite\Excel\Jobs\ReadChunk->handle()
#24 E:\2023\Laravel\ems\vendor\laravel\framework\src\Illuminate\Container\Util.php(41): Illuminate\Container\BoundMethod::Illuminate\Container\{closure}()
#25 E:\2023\Laravel\ems\vendor\laravel\framework\src\Illuminate\Container\BoundMethod.php(93): Illuminate\Container\Util::unwrapIfClosure()
#26 E:\2023\Laravel\ems\vendor\laravel\framework\src\Illuminate\Container\BoundMethod.php(37): Illuminate\Container\BoundMethod::callBoundMethod()
#27 E:\2023\Laravel\ems\vendor\laravel\framework\src\Illuminate\Container\Container.php(662): Illuminate\Container\BoundMethod::call()
#28 E:\2023\Laravel\ems\vendor\maatwebsite\excel\src\ChunkReader.php(144): Illuminate\Container\Container->call()
#29 E:\2023\Laravel\ems\vendor\maatwebsite\excel\src\ChunkReader.php(107): Maatwebsite\Excel\ChunkReader->dispatchNow()
#30 E:\2023\Laravel\ems\vendor\laravel\framework\src\Illuminate\Collections\Traits\EnumeratesValues.php(240): Maatwebsite\Excel\ChunkReader->Maatwebsite\Excel\{closure}()
#31 E:\2023\Laravel\ems\vendor\maatwebsite\excel\src\ChunkReader.php(114): Illuminate\Support\Collection->each()
#32 E:\2023\Laravel\ems\vendor\maatwebsite\excel\src\Reader.php(105): Maatwebsite\Excel\ChunkReader->read()
#33 E:\2023\Laravel\ems\vendor\maatwebsite\excel\src\Excel.php(154): Maatwebsite\Excel\Reader->read()
#34 E:\2023\Laravel\ems\vendor\laravel\framework\src\Illuminate\Support\Facades\Facade.php(355): Maatwebsite\Excel\Excel->import()
#35 E:\2023\Laravel\ems\app\Jobs\ImportExcelJob.php(39): Illuminate\Support\Facades\Facade::__callStatic()
#36 E:\2023\Laravel\ems\vendor\laravel\framework\src\Illuminate\Container\BoundMethod.php(36): App\Jobs\ImportExcelJob->handle()
#37 E:\2023\Laravel\ems\vendor\laravel\framework\src\Illuminate\Container\Util.php(41): Illuminate\Container\BoundMethod::Illuminate\Container\{closure}()
#38 E:\2023\Laravel\ems\vendor\laravel\framework\src\Illuminate\Container\BoundMethod.php(93): Illuminate\Container\Util::unwrapIfClosure()
#39 E:\2023\Laravel\ems\vendor\laravel\framework\src\Illuminate\Container\BoundMethod.php(37): Illuminate\Container\BoundMethod::callBoundMethod()
#40 E:\2023\Laravel\ems\vendor\laravel\framework\src\Illuminate\Container\Container.php(662): Illuminate\Container\BoundMethod::call()
#41 E:\2023\Laravel\ems\vendor\laravel\framework\src\Illuminate\Bus\Dispatcher.php(128): Illuminate\Container\Container->call()
#42 E:\2023\Laravel\ems\vendor\laravel\framework\src\Illuminate\Pipeline\Pipeline.php(144): Illuminate\Bus\Dispatcher->Illuminate\Bus\{closure}()
#43 E:\2023\Laravel\ems\vendor\laravel\framework\src\Illuminate\Pipeline\Pipeline.php(119): Illuminate\Pipeline\Pipeline->Illuminate\Pipeline\{closure}()
#44 E:\2023\Laravel\ems\vendor\laravel\framework\src\Illuminate\Bus\Dispatcher.php(132): Illuminate\Pipeline\Pipeline->then()
#45 E:\2023\Laravel\ems\vendor\laravel\framework\src\Illuminate\Queue\CallQueuedHandler.php(124): Illuminate\Bus\Dispatcher->dispatchNow()
#46 E:\2023\Laravel\ems\vendor\laravel\framework\src\Illuminate\Pipeline\Pipeline.php(144): Illuminate\Queue\CallQueuedHandler->Illuminate\Queue\{closure}()
#47 E:\2023\Laravel\ems\vendor\laravel\framework\src\Illuminate\Pipeline\Pipeline.php(119): Illuminate\Pipeline\Pipeline->Illuminate\Pipeline\{closure}()
#48 E:\2023\Laravel\ems\vendor\laravel\framework\src\Illuminate\Queue\CallQueuedHandler.php(126): Illuminate\Pipeline\Pipeline->then()
#49 E:\2023\Laravel\ems\vendor\laravel\framework\src\Illuminate\Queue\CallQueuedHandler.php(70): Illuminate\Queue\CallQueuedHandler->dispatchThroughMiddleware()
#50 E:\2023\Laravel\ems\vendor\laravel\framework\src\Illuminate\Queue\Jobs\Job.php(102): Illuminate\Queue\CallQueuedHandler->call()
#51 E:\2023\Laravel\ems\vendor\laravel\framework\src\Illuminate\Queue\Worker.php(439): Illuminate\Queue\Jobs\Job->fire()
#52 E:\2023\Laravel\ems\vendor\laravel\framework\src\Illuminate\Queue\Worker.php(389): Illuminate\Queue\Worker->process()
#53 E:\2023\Laravel\ems\vendor\laravel\framework\src\Illuminate\Queue\Worker.php(176): Illuminate\Queue\Worker->runJob()
#54 E:\2023\Laravel\ems\vendor\laravel\framework\src\Illuminate\Queue\Console\WorkCommand.php(138): Illuminate\Queue\Worker->daemon()
#55 E:\2023\Laravel\ems\vendor\laravel\framework\src\Illuminate\Queue\Console\WorkCommand.php(121): Illuminate\Queue\Console\WorkCommand->runWorker()
#56 E:\2023\Laravel\ems\vendor\laravel\framework\src\Illuminate\Container\BoundMethod.php(36): Illuminate\Queue\Console\WorkCommand->handle()
#57 E:\2023\Laravel\ems\vendor\laravel\framework\src\Illuminate\Container\Util.php(41): Illuminate\Container\BoundMethod::Illuminate\Container\{closure}()
#58 E:\2023\Laravel\ems\vendor\laravel\framework\src\Illuminate\Container\BoundMethod.php(93): Illuminate\Container\Util::unwrapIfClosure()
#59 E:\2023\Laravel\ems\vendor\laravel\framework\src\Illuminate\Container\BoundMethod.php(37): Illuminate\Container\BoundMethod::callBoundMethod()
#60 E:\2023\Laravel\ems\vendor\laravel\framework\src\Illuminate\Container\Container.php(662): Illuminate\Container\BoundMethod::call()
#61 E:\2023\Laravel\ems\vendor\laravel\framework\src\Illuminate\Console\Command.php(211): Illuminate\Container\Container->call()
#62 E:\2023\Laravel\ems\vendor\symfony\console\Command\Command.php(326): Illuminate\Console\Command->execute()
#63 E:\2023\Laravel\ems\vendor\laravel\framework\src\Illuminate\Console\Command.php(181): Symfony\Component\Console\Command\Command->run()
#64 E:\2023\Laravel\ems\vendor\symfony\console\Application.php(1096): Illuminate\Console\Command->run()
#65 E:\2023\Laravel\ems\vendor\symfony\console\Application.php(324): Symfony\Component\Console\Application->doRunCommand()
#66 E:\2023\Laravel\ems\vendor\symfony\console\Application.php(175): Symfony\Component\Console\Application->doRun()
#67 E:\2023\Laravel\ems\vendor\laravel\framework\src\Illuminate\Foundation\Console\Kernel.php(201): Symfony\Component\Console\Application->run()
#68 E:\2023\Laravel\ems\artisan(37): Illuminate\Foundation\Console\Kernel->handle()
#69 {main}

Next Illuminate\Database\QueryException: SQLSTATE[23502]: Not null violation: 7 ERROR:  null value in column "age" of relation "ods_ambulance_indicators" violates not-null constraint
DETAIL:  Failing row contains (594212, 1703, null, 126, нет, 856, 530388, 2023-11-10 00:00:00, 2023-11-10 05:59:51, null, null, 2023-11-10 06:03:55, 2023-11-10 06:07:33, 2023-11-10 06:07:39, null, null, null, null, null, null, null, null, null, null, null, null, null, null, null, null, null, 2024-03-26 22:58:52, 2024-03-26 22:58:52, null, null, null, null, 195). (Connection: pgsql, SQL: insert into "ods_ambulance_indicators" ("call_region_coato", "substation_id", "filling_call_card", "call_type_id", "card_number", "call_received", "call_reception", "transfer_brigade", "brigade_departure", "arrival_brigade_place", "excel_id", "updated_at", "created_at") values (1703, 126, нет, 856, 530388, 2023-11-10, 2023-11-10 05:59:51, 2023-11-10 06:03:55, 2023-11-10 06:07:33, 2023-11-10 06:07:39, 195, 2024-03-26 22:58:52, 2024-03-26 22:58:52) returning "id") in E:\2023\Laravel\ems\vendor\laravel\framework\src\Illuminate\Database\Connection.php:829
Stack trace:
#0 E:\2023\Laravel\ems\vendor\laravel\framework\src\Illuminate\Database\Connection.php(783): Illuminate\Database\Connection->runQueryCallback()
#1 E:\2023\Laravel\ems\vendor\laravel\framework\src\Illuminate\Database\Connection.php(431): Illuminate\Database\Connection->run()
#2 E:\2023\Laravel\ems\vendor\laravel\framework\src\Illuminate\Database\Connection.php(401): Illuminate\Database\Connection->select()
#3 E:\2023\Laravel\ems\vendor\laravel\framework\src\Illuminate\Database\Query\Processors\PostgresProcessor.php(24): Illuminate\Database\Connection->selectFromWriteConnection()
#4 E:\2023\Laravel\ems\vendor\laravel\framework\src\Illuminate\Database\Query\Builder.php(3507): Illuminate\Database\Query\Processors\PostgresProcessor->processInsertGetId()
#5 E:\2023\Laravel\ems\vendor\laravel\framework\src\Illuminate\Database\Eloquent\Builder.php(1969): Illuminate\Database\Query\Builder->insertGetId()
#6 E:\2023\Laravel\ems\vendor\laravel\framework\src\Illuminate\Database\Eloquent\Model.php(1333): Illuminate\Database\Eloquent\Builder->__call()
#7 E:\2023\Laravel\ems\vendor\laravel\framework\src\Illuminate\Database\Eloquent\Model.php(1298): Illuminate\Database\Eloquent\Model->insertAndSetId()
#8 E:\2023\Laravel\ems\vendor\laravel\framework\src\Illuminate\Database\Eloquent\Model.php(1137): Illuminate\Database\Eloquent\Model->performInsert()
#9 E:\2023\Laravel\ems\vendor\laravel\framework\src\Illuminate\Database\Eloquent\Builder.php(1024): Illuminate\Database\Eloquent\Model->save()
#10 E:\2023\Laravel\ems\vendor\laravel\framework\src\Illuminate\Support\helpers.php(307): Illuminate\Database\Eloquent\Builder->Illuminate\Database\Eloquent\{closure}()
#11 E:\2023\Laravel\ems\vendor\laravel\framework\src\Illuminate\Database\Eloquent\Builder.php(1025): tap()
#12 E:\2023\Laravel\ems\vendor\laravel\framework\src\Illuminate\Support\Traits\ForwardsCalls.php(23): Illuminate\Database\Eloquent\Builder->create()
#13 E:\2023\Laravel\ems\vendor\laravel\framework\src\Illuminate\Database\Eloquent\Model.php(2334): Illuminate\Database\Eloquent\Model->forwardCallTo()
#14 E:\2023\Laravel\ems\vendor\laravel\framework\src\Illuminate\Database\Eloquent\Model.php(2346): Illuminate\Database\Eloquent\Model->__call()
#15 E:\2023\Laravel\ems\app\Imports\OdsAmbulanceIndicatorsImport.php(83): Illuminate\Database\Eloquent\Model::__callStatic()
#16 E:\2023\Laravel\ems\vendor\maatwebsite\excel\src\Sheet.php(268): App\Imports\OdsAmbulanceIndicatorsImport->collection()
#17 E:\2023\Laravel\ems\vendor\maatwebsite\excel\src\Jobs\ReadChunk.php(213): Maatwebsite\Excel\Sheet->import()
#18 E:\2023\Laravel\ems\vendor\laravel\framework\src\Illuminate\Database\Concerns\ManagesTransactions.php(30): Maatwebsite\Excel\Jobs\ReadChunk->Maatwebsite\Excel\Jobs\{closure}()
#19 E:\2023\Laravel\ems\vendor\maatwebsite\excel\src\Transactions\DbTransactionHandler.php(30): Illuminate\Database\Connection->transaction()
#20 E:\2023\Laravel\ems\vendor\maatwebsite\excel\src\Jobs\ReadChunk.php(221): Maatwebsite\Excel\Transactions\DbTransactionHandler->__invoke()
#21 E:\2023\Laravel\ems\vendor\laravel\framework\src\Illuminate\Container\BoundMethod.php(36): Maatwebsite\Excel\Jobs\ReadChunk->handle()
#22 E:\2023\Laravel\ems\vendor\laravel\framework\src\Illuminate\Container\Util.php(41): Illuminate\Container\BoundMethod::Illuminate\Container\{closure}()
#23 E:\2023\Laravel\ems\vendor\laravel\framework\src\Illuminate\Container\BoundMethod.php(93): Illuminate\Container\Util::unwrapIfClosure()
#24 E:\2023\Laravel\ems\vendor\laravel\framework\src\Illuminate\Container\BoundMethod.php(37): Illuminate\Container\BoundMethod::callBoundMethod()
#25 E:\2023\Laravel\ems\vendor\laravel\framework\src\Illuminate\Container\Container.php(662): Illuminate\Container\BoundMethod::call()
#26 E:\2023\Laravel\ems\vendor\maatwebsite\excel\src\ChunkReader.php(144): Illuminate\Container\Container->call()
#27 E:\2023\Laravel\ems\vendor\maatwebsite\excel\src\ChunkReader.php(107): Maatwebsite\Excel\ChunkReader->dispatchNow()
#28 E:\2023\Laravel\ems\vendor\laravel\framework\src\Illuminate\Collections\Traits\EnumeratesValues.php(240): Maatwebsite\Excel\ChunkReader->Maatwebsite\Excel\{closure}()
#29 E:\2023\Laravel\ems\vendor\maatwebsite\excel\src\ChunkReader.php(114): Illuminate\Support\Collection->each()
#30 E:\2023\Laravel\ems\vendor\maatwebsite\excel\src\Reader.php(105): Maatwebsite\Excel\ChunkReader->read()
#31 E:\2023\Laravel\ems\vendor\maatwebsite\excel\src\Excel.php(154): Maatwebsite\Excel\Reader->read()
#32 E:\2023\Laravel\ems\vendor\laravel\framework\src\Illuminate\Support\Facades\Facade.php(355): Maatwebsite\Excel\Excel->import()
#33 E:\2023\Laravel\ems\app\Jobs\ImportExcelJob.php(39): Illuminate\Support\Facades\Facade::__callStatic()
#34 E:\2023\Laravel\ems\vendor\laravel\framework\src\Illuminate\Container\BoundMethod.php(36): App\Jobs\ImportExcelJob->handle()
#35 E:\2023\Laravel\ems\vendor\laravel\framework\src\Illuminate\Container\Util.php(41): Illuminate\Container\BoundMethod::Illuminate\Container\{closure}()
#36 E:\2023\Laravel\ems\vendor\laravel\framework\src\Illuminate\Container\BoundMethod.php(93): Illuminate\Container\Util::unwrapIfClosure()
#37 E:\2023\Laravel\ems\vendor\laravel\framework\src\Illuminate\Container\BoundMethod.php(37): Illuminate\Container\BoundMethod::callBoundMethod()
#38 E:\2023\Laravel\ems\vendor\laravel\framework\src\Illuminate\Container\Container.php(662): Illuminate\Container\BoundMethod::call()
#39 E:\2023\Laravel\ems\vendor\laravel\framework\src\Illuminate\Bus\Dispatcher.php(128): Illuminate\Container\Container->call()
#40 E:\2023\Laravel\ems\vendor\laravel\framework\src\Illuminate\Pipeline\Pipeline.php(144): Illuminate\Bus\Dispatcher->Illuminate\Bus\{closure}()
#41 E:\2023\Laravel\ems\vendor\laravel\framework\src\Illuminate\Pipeline\Pipeline.php(119): Illuminate\Pipeline\Pipeline->Illuminate\Pipeline\{closure}()
#42 E:\2023\Laravel\ems\vendor\laravel\framework\src\Illuminate\Bus\Dispatcher.php(132): Illuminate\Pipeline\Pipeline->then()
#43 E:\2023\Laravel\ems\vendor\laravel\framework\src\Illuminate\Queue\CallQueuedHandler.php(124): Illuminate\Bus\Dispatcher->dispatchNow()
#44 E:\2023\Laravel\ems\vendor\laravel\framework\src\Illuminate\Pipeline\Pipeline.php(144): Illuminate\Queue\CallQueuedHandler->Illuminate\Queue\{closure}()
#45 E:\2023\Laravel\ems\vendor\laravel\framework\src\Illuminate\Pipeline\Pipeline.php(119): Illuminate\Pipeline\Pipeline->Illuminate\Pipeline\{closure}()
#46 E:\2023\Laravel\ems\vendor\laravel\framework\src\Illuminate\Queue\CallQueuedHandler.php(126): Illuminate\Pipeline\Pipeline->then()
#47 E:\2023\Laravel\ems\vendor\laravel\framework\src\Illuminate\Queue\CallQueuedHandler.php(70): Illuminate\Queue\CallQueuedHandler->dispatchThroughMiddleware()
#48 E:\2023\Laravel\ems\vendor\laravel\framework\src\Illuminate\Queue\Jobs\Job.php(102): Illuminate\Queue\CallQueuedHandler->call()
#49 E:\2023\Laravel\ems\vendor\laravel\framework\src\Illuminate\Queue\Worker.php(439): Illuminate\Queue\Jobs\Job->fire()
#50 E:\2023\Laravel\ems\vendor\laravel\framework\src\Illuminate\Queue\Worker.php(389): Illuminate\Queue\Worker->process()
#51 E:\2023\Laravel\ems\vendor\laravel\framework\src\Illuminate\Queue\Worker.php(176): Illuminate\Queue\Worker->runJob()
#52 E:\2023\Laravel\ems\vendor\laravel\framework\src\Illuminate\Queue\Console\WorkCommand.php(138): Illuminate\Queue\Worker->daemon()
#53 E:\2023\Laravel\ems\vendor\laravel\framework\src\Illuminate\Queue\Console\WorkCommand.php(121): Illuminate\Queue\Console\WorkCommand->runWorker()
#54 E:\2023\Laravel\ems\vendor\laravel\framework\src\Illuminate\Container\BoundMethod.php(36): Illuminate\Queue\Console\WorkCommand->handle()
#55 E:\2023\Laravel\ems\vendor\laravel\framework\src\Illuminate\Container\Util.php(41): Illuminate\Container\BoundMethod::Illuminate\Container\{closure}()
#56 E:\2023\Laravel\ems\vendor\laravel\framework\src\Illuminate\Container\BoundMethod.php(93): Illuminate\Container\Util::unwrapIfClosure()
#57 E:\2023\Laravel\ems\vendor\laravel\framework\src\Illuminate\Container\BoundMethod.php(37): Illuminate\Container\BoundMethod::callBoundMethod()
#58 E:\2023\Laravel\ems\vendor\laravel\framework\src\Illuminate\Container\Container.php(662): Illuminate\Container\BoundMethod::call()
#59 E:\2023\Laravel\ems\vendor\laravel\framework\src\Illuminate\Console\Command.php(211): Illuminate\Container\Container->call()
#60 E:\2023\Laravel\ems\vendor\symfony\console\Command\Command.php(326): Illuminate\Console\Command->execute()
#61 E:\2023\Laravel\ems\vendor\laravel\framework\src\Illuminate\Console\Command.php(181): Symfony\Component\Console\Command\Command->run()
#62 E:\2023\Laravel\ems\vendor\symfony\console\Application.php(1096): Illuminate\Console\Command->run()
#63 E:\2023\Laravel\ems\vendor\symfony\console\Application.php(324): Symfony\Component\Console\Application->doRunCommand()
#64 E:\2023\Laravel\ems\vendor\symfony\console\Application.php(175): Symfony\Component\Console\Application->doRun()
#65 E:\2023\Laravel\ems\vendor\laravel\framework\src\Illuminate\Foundation\Console\Kernel.php(201): Symfony\Component\Console\Application->run()
#66 E:\2023\Laravel\ems\artisan(37): Illuminate\Foundation\Console\Kernel->handle()
#67 {main}
[2024-03-26 23:05:07] Xatolik: PDOException: SQLSTATE[22007]: Invalid datetime format: 7 ERROR:  invalid input syntax for type timestamp: ""
CONTEXT:  unnamed portal parameter $9 = '' in E:\2023\Laravel\ems\vendor\laravel\framework\src\Illuminate\Database\Connection.php:428
Stack trace:
#0 E:\2023\Laravel\ems\vendor\laravel\framework\src\Illuminate\Database\Connection.php(428): PDOStatement->execute()
#1 E:\2023\Laravel\ems\vendor\laravel\framework\src\Illuminate\Database\Connection.php(816): Illuminate\Database\Connection->Illuminate\Database\{closure}()
#2 E:\2023\Laravel\ems\vendor\laravel\framework\src\Illuminate\Database\Connection.php(783): Illuminate\Database\Connection->runQueryCallback()
#3 E:\2023\Laravel\ems\vendor\laravel\framework\src\Illuminate\Database\Connection.php(431): Illuminate\Database\Connection->run()
#4 E:\2023\Laravel\ems\vendor\laravel\framework\src\Illuminate\Database\Connection.php(401): Illuminate\Database\Connection->select()
#5 E:\2023\Laravel\ems\vendor\laravel\framework\src\Illuminate\Database\Query\Processors\PostgresProcessor.php(24): Illuminate\Database\Connection->selectFromWriteConnection()
#6 E:\2023\Laravel\ems\vendor\laravel\framework\src\Illuminate\Database\Query\Builder.php(3507): Illuminate\Database\Query\Processors\PostgresProcessor->processInsertGetId()
#7 E:\2023\Laravel\ems\vendor\laravel\framework\src\Illuminate\Database\Eloquent\Builder.php(1969): Illuminate\Database\Query\Builder->insertGetId()
#8 E:\2023\Laravel\ems\vendor\laravel\framework\src\Illuminate\Database\Eloquent\Model.php(1333): Illuminate\Database\Eloquent\Builder->__call()
#9 E:\2023\Laravel\ems\vendor\laravel\framework\src\Illuminate\Database\Eloquent\Model.php(1298): Illuminate\Database\Eloquent\Model->insertAndSetId()
#10 E:\2023\Laravel\ems\vendor\laravel\framework\src\Illuminate\Database\Eloquent\Model.php(1137): Illuminate\Database\Eloquent\Model->performInsert()
#11 E:\2023\Laravel\ems\vendor\laravel\framework\src\Illuminate\Database\Eloquent\Builder.php(1024): Illuminate\Database\Eloquent\Model->save()
#12 E:\2023\Laravel\ems\vendor\laravel\framework\src\Illuminate\Support\helpers.php(307): Illuminate\Database\Eloquent\Builder->Illuminate\Database\Eloquent\{closure}()
#13 E:\2023\Laravel\ems\vendor\laravel\framework\src\Illuminate\Database\Eloquent\Builder.php(1025): tap()
#14 E:\2023\Laravel\ems\vendor\laravel\framework\src\Illuminate\Support\Traits\ForwardsCalls.php(23): Illuminate\Database\Eloquent\Builder->create()
#15 E:\2023\Laravel\ems\vendor\laravel\framework\src\Illuminate\Database\Eloquent\Model.php(2334): Illuminate\Database\Eloquent\Model->forwardCallTo()
#16 E:\2023\Laravel\ems\vendor\laravel\framework\src\Illuminate\Database\Eloquent\Model.php(2346): Illuminate\Database\Eloquent\Model->__call()
#17 E:\2023\Laravel\ems\app\Imports\OdsAmbulanceIndicatorsImport.php(83): Illuminate\Database\Eloquent\Model::__callStatic()
#18 E:\2023\Laravel\ems\vendor\maatwebsite\excel\src\Sheet.php(268): App\Imports\OdsAmbulanceIndicatorsImport->collection()
#19 E:\2023\Laravel\ems\vendor\maatwebsite\excel\src\Jobs\ReadChunk.php(213): Maatwebsite\Excel\Sheet->import()
#20 E:\2023\Laravel\ems\vendor\laravel\framework\src\Illuminate\Database\Concerns\ManagesTransactions.php(30): Maatwebsite\Excel\Jobs\ReadChunk->Maatwebsite\Excel\Jobs\{closure}()
#21 E:\2023\Laravel\ems\vendor\maatwebsite\excel\src\Transactions\DbTransactionHandler.php(30): Illuminate\Database\Connection->transaction()
#22 E:\2023\Laravel\ems\vendor\maatwebsite\excel\src\Jobs\ReadChunk.php(221): Maatwebsite\Excel\Transactions\DbTransactionHandler->__invoke()
#23 E:\2023\Laravel\ems\vendor\laravel\framework\src\Illuminate\Container\BoundMethod.php(36): Maatwebsite\Excel\Jobs\ReadChunk->handle()
#24 E:\2023\Laravel\ems\vendor\laravel\framework\src\Illuminate\Container\Util.php(41): Illuminate\Container\BoundMethod::Illuminate\Container\{closure}()
#25 E:\2023\Laravel\ems\vendor\laravel\framework\src\Illuminate\Container\BoundMethod.php(93): Illuminate\Container\Util::unwrapIfClosure()
#26 E:\2023\Laravel\ems\vendor\laravel\framework\src\Illuminate\Container\BoundMethod.php(37): Illuminate\Container\BoundMethod::callBoundMethod()
#27 E:\2023\Laravel\ems\vendor\laravel\framework\src\Illuminate\Container\Container.php(662): Illuminate\Container\BoundMethod::call()
#28 E:\2023\Laravel\ems\vendor\maatwebsite\excel\src\ChunkReader.php(144): Illuminate\Container\Container->call()
#29 E:\2023\Laravel\ems\vendor\maatwebsite\excel\src\ChunkReader.php(107): Maatwebsite\Excel\ChunkReader->dispatchNow()
#30 E:\2023\Laravel\ems\vendor\laravel\framework\src\Illuminate\Collections\Traits\EnumeratesValues.php(240): Maatwebsite\Excel\ChunkReader->Maatwebsite\Excel\{closure}()
#31 E:\2023\Laravel\ems\vendor\maatwebsite\excel\src\ChunkReader.php(114): Illuminate\Support\Collection->each()
#32 E:\2023\Laravel\ems\vendor\maatwebsite\excel\src\Reader.php(105): Maatwebsite\Excel\ChunkReader->read()
#33 E:\2023\Laravel\ems\vendor\maatwebsite\excel\src\Excel.php(154): Maatwebsite\Excel\Reader->read()
#34 E:\2023\Laravel\ems\vendor\laravel\framework\src\Illuminate\Support\Facades\Facade.php(355): Maatwebsite\Excel\Excel->import()
#35 E:\2023\Laravel\ems\app\Jobs\ImportExcelJob.php(39): Illuminate\Support\Facades\Facade::__callStatic()
#36 E:\2023\Laravel\ems\vendor\laravel\framework\src\Illuminate\Container\BoundMethod.php(36): App\Jobs\ImportExcelJob->handle()
#37 E:\2023\Laravel\ems\vendor\laravel\framework\src\Illuminate\Container\Util.php(41): Illuminate\Container\BoundMethod::Illuminate\Container\{closure}()
#38 E:\2023\Laravel\ems\vendor\laravel\framework\src\Illuminate\Container\BoundMethod.php(93): Illuminate\Container\Util::unwrapIfClosure()
#39 E:\2023\Laravel\ems\vendor\laravel\framework\src\Illuminate\Container\BoundMethod.php(37): Illuminate\Container\BoundMethod::callBoundMethod()
#40 E:\2023\Laravel\ems\vendor\laravel\framework\src\Illuminate\Container\Container.php(662): Illuminate\Container\BoundMethod::call()
#41 E:\2023\Laravel\ems\vendor\laravel\framework\src\Illuminate\Bus\Dispatcher.php(128): Illuminate\Container\Container->call()
#42 E:\2023\Laravel\ems\vendor\laravel\framework\src\Illuminate\Pipeline\Pipeline.php(144): Illuminate\Bus\Dispatcher->Illuminate\Bus\{closure}()
#43 E:\2023\Laravel\ems\vendor\laravel\framework\src\Illuminate\Pipeline\Pipeline.php(119): Illuminate\Pipeline\Pipeline->Illuminate\Pipeline\{closure}()
#44 E:\2023\Laravel\ems\vendor\laravel\framework\src\Illuminate\Bus\Dispatcher.php(132): Illuminate\Pipeline\Pipeline->then()
#45 E:\2023\Laravel\ems\vendor\laravel\framework\src\Illuminate\Queue\CallQueuedHandler.php(124): Illuminate\Bus\Dispatcher->dispatchNow()
#46 E:\2023\Laravel\ems\vendor\laravel\framework\src\Illuminate\Pipeline\Pipeline.php(144): Illuminate\Queue\CallQueuedHandler->Illuminate\Queue\{closure}()
#47 E:\2023\Laravel\ems\vendor\laravel\framework\src\Illuminate\Pipeline\Pipeline.php(119): Illuminate\Pipeline\Pipeline->Illuminate\Pipeline\{closure}()
#48 E:\2023\Laravel\ems\vendor\laravel\framework\src\Illuminate\Queue\CallQueuedHandler.php(126): Illuminate\Pipeline\Pipeline->then()
#49 E:\2023\Laravel\ems\vendor\laravel\framework\src\Illuminate\Queue\CallQueuedHandler.php(70): Illuminate\Queue\CallQueuedHandler->dispatchThroughMiddleware()
#50 E:\2023\Laravel\ems\vendor\laravel\framework\src\Illuminate\Queue\Jobs\Job.php(102): Illuminate\Queue\CallQueuedHandler->call()
#51 E:\2023\Laravel\ems\vendor\laravel\framework\src\Illuminate\Queue\Worker.php(439): Illuminate\Queue\Jobs\Job->fire()
#52 E:\2023\Laravel\ems\vendor\laravel\framework\src\Illuminate\Queue\Worker.php(389): Illuminate\Queue\Worker->process()
#53 E:\2023\Laravel\ems\vendor\laravel\framework\src\Illuminate\Queue\Worker.php(176): Illuminate\Queue\Worker->runJob()
#54 E:\2023\Laravel\ems\vendor\laravel\framework\src\Illuminate\Queue\Console\WorkCommand.php(138): Illuminate\Queue\Worker->daemon()
#55 E:\2023\Laravel\ems\vendor\laravel\framework\src\Illuminate\Queue\Console\WorkCommand.php(121): Illuminate\Queue\Console\WorkCommand->runWorker()
#56 E:\2023\Laravel\ems\vendor\laravel\framework\src\Illuminate\Container\BoundMethod.php(36): Illuminate\Queue\Console\WorkCommand->handle()
#57 E:\2023\Laravel\ems\vendor\laravel\framework\src\Illuminate\Container\Util.php(41): Illuminate\Container\BoundMethod::Illuminate\Container\{closure}()
#58 E:\2023\Laravel\ems\vendor\laravel\framework\src\Illuminate\Container\BoundMethod.php(93): Illuminate\Container\Util::unwrapIfClosure()
#59 E:\2023\Laravel\ems\vendor\laravel\framework\src\Illuminate\Container\BoundMethod.php(37): Illuminate\Container\BoundMethod::callBoundMethod()
#60 E:\2023\Laravel\ems\vendor\laravel\framework\src\Illuminate\Container\Container.php(662): Illuminate\Container\BoundMethod::call()
#61 E:\2023\Laravel\ems\vendor\laravel\framework\src\Illuminate\Console\Command.php(211): Illuminate\Container\Container->call()
#62 E:\2023\Laravel\ems\vendor\symfony\console\Command\Command.php(326): Illuminate\Console\Command->execute()
#63 E:\2023\Laravel\ems\vendor\laravel\framework\src\Illuminate\Console\Command.php(181): Symfony\Component\Console\Command\Command->run()
#64 E:\2023\Laravel\ems\vendor\symfony\console\Application.php(1096): Illuminate\Console\Command->run()
#65 E:\2023\Laravel\ems\vendor\symfony\console\Application.php(324): Symfony\Component\Console\Application->doRunCommand()
#66 E:\2023\Laravel\ems\vendor\symfony\console\Application.php(175): Symfony\Component\Console\Application->doRun()
#67 E:\2023\Laravel\ems\vendor\laravel\framework\src\Illuminate\Foundation\Console\Kernel.php(201): Symfony\Component\Console\Application->run()
#68 E:\2023\Laravel\ems\artisan(37): Illuminate\Foundation\Console\Kernel->handle()
#69 {main}

Next Illuminate\Database\QueryException: SQLSTATE[22007]: Invalid datetime format: 7 ERROR:  invalid input syntax for type timestamp: ""
CONTEXT:  unnamed portal parameter $9 = '' (Connection: pgsql, SQL: insert into "ods_ambulance_indicators" ("call_region_coato", "substation_id", "filling_call_card", "call_type_id", "card_number", "call_received", "call_reception", "transfer_brigade", "brigade_departure", "arrival_brigade_place", "excel_id", "updated_at", "created_at") values (1703, 130, да , 878, 530226, 2023-11-10, 2023-11-10 03:19:56, 2023-11-10 03:23:05, , , 196, 2024-03-26 23:05:07, 2024-03-26 23:05:07) returning "id") in E:\2023\Laravel\ems\vendor\laravel\framework\src\Illuminate\Database\Connection.php:829
Stack trace:
#0 E:\2023\Laravel\ems\vendor\laravel\framework\src\Illuminate\Database\Connection.php(783): Illuminate\Database\Connection->runQueryCallback()
#1 E:\2023\Laravel\ems\vendor\laravel\framework\src\Illuminate\Database\Connection.php(431): Illuminate\Database\Connection->run()
#2 E:\2023\Laravel\ems\vendor\laravel\framework\src\Illuminate\Database\Connection.php(401): Illuminate\Database\Connection->select()
#3 E:\2023\Laravel\ems\vendor\laravel\framework\src\Illuminate\Database\Query\Processors\PostgresProcessor.php(24): Illuminate\Database\Connection->selectFromWriteConnection()
#4 E:\2023\Laravel\ems\vendor\laravel\framework\src\Illuminate\Database\Query\Builder.php(3507): Illuminate\Database\Query\Processors\PostgresProcessor->processInsertGetId()
#5 E:\2023\Laravel\ems\vendor\laravel\framework\src\Illuminate\Database\Eloquent\Builder.php(1969): Illuminate\Database\Query\Builder->insertGetId()
#6 E:\2023\Laravel\ems\vendor\laravel\framework\src\Illuminate\Database\Eloquent\Model.php(1333): Illuminate\Database\Eloquent\Builder->__call()
#7 E:\2023\Laravel\ems\vendor\laravel\framework\src\Illuminate\Database\Eloquent\Model.php(1298): Illuminate\Database\Eloquent\Model->insertAndSetId()
#8 E:\2023\Laravel\ems\vendor\laravel\framework\src\Illuminate\Database\Eloquent\Model.php(1137): Illuminate\Database\Eloquent\Model->performInsert()
#9 E:\2023\Laravel\ems\vendor\laravel\framework\src\Illuminate\Database\Eloquent\Builder.php(1024): Illuminate\Database\Eloquent\Model->save()
#10 E:\2023\Laravel\ems\vendor\laravel\framework\src\Illuminate\Support\helpers.php(307): Illuminate\Database\Eloquent\Builder->Illuminate\Database\Eloquent\{closure}()
#11 E:\2023\Laravel\ems\vendor\laravel\framework\src\Illuminate\Database\Eloquent\Builder.php(1025): tap()
#12 E:\2023\Laravel\ems\vendor\laravel\framework\src\Illuminate\Support\Traits\ForwardsCalls.php(23): Illuminate\Database\Eloquent\Builder->create()
#13 E:\2023\Laravel\ems\vendor\laravel\framework\src\Illuminate\Database\Eloquent\Model.php(2334): Illuminate\Database\Eloquent\Model->forwardCallTo()
#14 E:\2023\Laravel\ems\vendor\laravel\framework\src\Illuminate\Database\Eloquent\Model.php(2346): Illuminate\Database\Eloquent\Model->__call()
#15 E:\2023\Laravel\ems\app\Imports\OdsAmbulanceIndicatorsImport.php(83): Illuminate\Database\Eloquent\Model::__callStatic()
#16 E:\2023\Laravel\ems\vendor\maatwebsite\excel\src\Sheet.php(268): App\Imports\OdsAmbulanceIndicatorsImport->collection()
#17 E:\2023\Laravel\ems\vendor\maatwebsite\excel\src\Jobs\ReadChunk.php(213): Maatwebsite\Excel\Sheet->import()
#18 E:\2023\Laravel\ems\vendor\laravel\framework\src\Illuminate\Database\Concerns\ManagesTransactions.php(30): Maatwebsite\Excel\Jobs\ReadChunk->Maatwebsite\Excel\Jobs\{closure}()
#19 E:\2023\Laravel\ems\vendor\maatwebsite\excel\src\Transactions\DbTransactionHandler.php(30): Illuminate\Database\Connection->transaction()
#20 E:\2023\Laravel\ems\vendor\maatwebsite\excel\src\Jobs\ReadChunk.php(221): Maatwebsite\Excel\Transactions\DbTransactionHandler->__invoke()
#21 E:\2023\Laravel\ems\vendor\laravel\framework\src\Illuminate\Container\BoundMethod.php(36): Maatwebsite\Excel\Jobs\ReadChunk->handle()
#22 E:\2023\Laravel\ems\vendor\laravel\framework\src\Illuminate\Container\Util.php(41): Illuminate\Container\BoundMethod::Illuminate\Container\{closure}()
#23 E:\2023\Laravel\ems\vendor\laravel\framework\src\Illuminate\Container\BoundMethod.php(93): Illuminate\Container\Util::unwrapIfClosure()
#24 E:\2023\Laravel\ems\vendor\laravel\framework\src\Illuminate\Container\BoundMethod.php(37): Illuminate\Container\BoundMethod::callBoundMethod()
#25 E:\2023\Laravel\ems\vendor\laravel\framework\src\Illuminate\Container\Container.php(662): Illuminate\Container\BoundMethod::call()
#26 E:\2023\Laravel\ems\vendor\maatwebsite\excel\src\ChunkReader.php(144): Illuminate\Container\Container->call()
#27 E:\2023\Laravel\ems\vendor\maatwebsite\excel\src\ChunkReader.php(107): Maatwebsite\Excel\ChunkReader->dispatchNow()
#28 E:\2023\Laravel\ems\vendor\laravel\framework\src\Illuminate\Collections\Traits\EnumeratesValues.php(240): Maatwebsite\Excel\ChunkReader->Maatwebsite\Excel\{closure}()
#29 E:\2023\Laravel\ems\vendor\maatwebsite\excel\src\ChunkReader.php(114): Illuminate\Support\Collection->each()
#30 E:\2023\Laravel\ems\vendor\maatwebsite\excel\src\Reader.php(105): Maatwebsite\Excel\ChunkReader->read()
#31 E:\2023\Laravel\ems\vendor\maatwebsite\excel\src\Excel.php(154): Maatwebsite\Excel\Reader->read()
#32 E:\2023\Laravel\ems\vendor\laravel\framework\src\Illuminate\Support\Facades\Facade.php(355): Maatwebsite\Excel\Excel->import()
#33 E:\2023\Laravel\ems\app\Jobs\ImportExcelJob.php(39): Illuminate\Support\Facades\Facade::__callStatic()
#34 E:\2023\Laravel\ems\vendor\laravel\framework\src\Illuminate\Container\BoundMethod.php(36): App\Jobs\ImportExcelJob->handle()
#35 E:\2023\Laravel\ems\vendor\laravel\framework\src\Illuminate\Container\Util.php(41): Illuminate\Container\BoundMethod::Illuminate\Container\{closure}()
#36 E:\2023\Laravel\ems\vendor\laravel\framework\src\Illuminate\Container\BoundMethod.php(93): Illuminate\Container\Util::unwrapIfClosure()
#37 E:\2023\Laravel\ems\vendor\laravel\framework\src\Illuminate\Container\BoundMethod.php(37): Illuminate\Container\BoundMethod::callBoundMethod()
#38 E:\2023\Laravel\ems\vendor\laravel\framework\src\Illuminate\Container\Container.php(662): Illuminate\Container\BoundMethod::call()
#39 E:\2023\Laravel\ems\vendor\laravel\framework\src\Illuminate\Bus\Dispatcher.php(128): Illuminate\Container\Container->call()
#40 E:\2023\Laravel\ems\vendor\laravel\framework\src\Illuminate\Pipeline\Pipeline.php(144): Illuminate\Bus\Dispatcher->Illuminate\Bus\{closure}()
#41 E:\2023\Laravel\ems\vendor\laravel\framework\src\Illuminate\Pipeline\Pipeline.php(119): Illuminate\Pipeline\Pipeline->Illuminate\Pipeline\{closure}()
#42 E:\2023\Laravel\ems\vendor\laravel\framework\src\Illuminate\Bus\Dispatcher.php(132): Illuminate\Pipeline\Pipeline->then()
#43 E:\2023\Laravel\ems\vendor\laravel\framework\src\Illuminate\Queue\CallQueuedHandler.php(124): Illuminate\Bus\Dispatcher->dispatchNow()
#44 E:\2023\Laravel\ems\vendor\laravel\framework\src\Illuminate\Pipeline\Pipeline.php(144): Illuminate\Queue\CallQueuedHandler->Illuminate\Queue\{closure}()
#45 E:\2023\Laravel\ems\vendor\laravel\framework\src\Illuminate\Pipeline\Pipeline.php(119): Illuminate\Pipeline\Pipeline->Illuminate\Pipeline\{closure}()
#46 E:\2023\Laravel\ems\vendor\laravel\framework\src\Illuminate\Queue\CallQueuedHandler.php(126): Illuminate\Pipeline\Pipeline->then()
#47 E:\2023\Laravel\ems\vendor\laravel\framework\src\Illuminate\Queue\CallQueuedHandler.php(70): Illuminate\Queue\CallQueuedHandler->dispatchThroughMiddleware()
#48 E:\2023\Laravel\ems\vendor\laravel\framework\src\Illuminate\Queue\Jobs\Job.php(102): Illuminate\Queue\CallQueuedHandler->call()
#49 E:\2023\Laravel\ems\vendor\laravel\framework\src\Illuminate\Queue\Worker.php(439): Illuminate\Queue\Jobs\Job->fire()
#50 E:\2023\Laravel\ems\vendor\laravel\framework\src\Illuminate\Queue\Worker.php(389): Illuminate\Queue\Worker->process()
#51 E:\2023\Laravel\ems\vendor\laravel\framework\src\Illuminate\Queue\Worker.php(176): Illuminate\Queue\Worker->runJob()
#52 E:\2023\Laravel\ems\vendor\laravel\framework\src\Illuminate\Queue\Console\WorkCommand.php(138): Illuminate\Queue\Worker->daemon()
#53 E:\2023\Laravel\ems\vendor\laravel\framework\src\Illuminate\Queue\Console\WorkCommand.php(121): Illuminate\Queue\Console\WorkCommand->runWorker()
#54 E:\2023\Laravel\ems\vendor\laravel\framework\src\Illuminate\Container\BoundMethod.php(36): Illuminate\Queue\Console\WorkCommand->handle()
#55 E:\2023\Laravel\ems\vendor\laravel\framework\src\Illuminate\Container\Util.php(41): Illuminate\Container\BoundMethod::Illuminate\Container\{closure}()
#56 E:\2023\Laravel\ems\vendor\laravel\framework\src\Illuminate\Container\BoundMethod.php(93): Illuminate\Container\Util::unwrapIfClosure()
#57 E:\2023\Laravel\ems\vendor\laravel\framework\src\Illuminate\Container\BoundMethod.php(37): Illuminate\Container\BoundMethod::callBoundMethod()
#58 E:\2023\Laravel\ems\vendor\laravel\framework\src\Illuminate\Container\Container.php(662): Illuminate\Container\BoundMethod::call()
#59 E:\2023\Laravel\ems\vendor\laravel\framework\src\Illuminate\Console\Command.php(211): Illuminate\Container\Container->call()
#60 E:\2023\Laravel\ems\vendor\symfony\console\Command\Command.php(326): Illuminate\Console\Command->execute()
#61 E:\2023\Laravel\ems\vendor\laravel\framework\src\Illuminate\Console\Command.php(181): Symfony\Component\Console\Command\Command->run()
#62 E:\2023\Laravel\ems\vendor\symfony\console\Application.php(1096): Illuminate\Console\Command->run()
#63 E:\2023\Laravel\ems\vendor\symfony\console\Application.php(324): Symfony\Component\Console\Application->doRunCommand()
#64 E:\2023\Laravel\ems\vendor\symfony\console\Application.php(175): Symfony\Component\Console\Application->doRun()
#65 E:\2023\Laravel\ems\vendor\laravel\framework\src\Illuminate\Foundation\Console\Kernel.php(201): Symfony\Component\Console\Application->run()
#66 E:\2023\Laravel\ems\artisan(37): Illuminate\Foundation\Console\Kernel->handle()
#67 {main}
